total sample is 93858, postive sample is 39370, negative sample is 54488
total sample is 80808, postive sample is 24615, negative sample is 56193
Training...
Epoch: 1| train loss: 0.5644293498992919
Epoch: 1| train loss: 0.4747125118970871
Epoch: 1| train loss: 0.42371737778186797
Epoch: 1| train loss: 0.38766602404415607
Epoch: 1| train loss: 0.3623913567662239
Epoch: 1| train loss: 0.339395377188921
Epoch: 1| train loss: 0.3213425124968801
Epoch: 1| train loss: 0.3065370289236307
Epoch: 1| train loss: 0.2918502393364906
Epoch: 1| train loss: 0.2856118123740592
Epoch 1: Val acc is 86.0026235026235%
Epoch: 2| train loss: 0.15863010600209237
Epoch: 2| train loss: 0.1474593033641577
Epoch: 2| train loss: 0.14297520677248637
Epoch: 2| train loss: 0.13977740585803985
Epoch: 2| train loss: 0.13446001201868057
Epoch: 2| train loss: 0.13002986010164022
Epoch: 2| train loss: 0.12616515536393438
Epoch: 2| train loss: 0.1230226213298738
Epoch: 2| train loss: 0.11875113988916079
Epoch: 2| train loss: 0.11730777975568112
Epoch 2: Val acc is 90.94644094644094%
Epoch: 3| train loss: 0.08441962257027626
Epoch: 3| train loss: 0.08247026320546866
Epoch: 3| train loss: 0.08005792735765378
Epoch: 3| train loss: 0.07919233980588615
Epoch: 3| train loss: 0.07702842713147402
Epoch: 3| train loss: 0.07454870053256551
Epoch: 3| train loss: 0.07258600884782417
Epoch: 3| train loss: 0.07116685621906071
Epoch: 3| train loss: 0.06970905428545343
Epoch: 3| train loss: 0.06871061262456661
Epoch 3: Val acc is 94.33471933471934%
Epoch: 4| train loss: 0.050059947818517685
Epoch: 4| train loss: 0.052852349439635876
Epoch: 4| train loss: 0.05113128769521912
Epoch: 4| train loss: 0.050145065584219994
Epoch: 4| train loss: 0.04839928919449449
Epoch: 4| train loss: 0.047311208586518966
Epoch: 4| train loss: 0.04613683042515601
Epoch: 4| train loss: 0.04529863539617509
Epoch: 4| train loss: 0.0437869477023681
Epoch: 4| train loss: 0.04383951615779958
Epoch 4: Val acc is 95.65142065142065%
Epoch: 5| train loss: 0.03760223295539618
Epoch: 5| train loss: 0.035491131087765096
Epoch: 5| train loss: 0.034011122789233926
Epoch: 5| train loss: 0.031900209465529766
Epoch: 5| train loss: 0.03130187527742237
Epoch: 5| train loss: 0.030951609710076204
Epoch: 5| train loss: 0.030578676585241087
Epoch: 5| train loss: 0.030134937405236997
Epoch: 5| train loss: 0.029558850429020823
Epoch: 5| train loss: 0.029371356174964062
Epoch 5: Val acc is 93.74814374814375%
Epoch: 6| train loss: 0.025365859093144535
Epoch: 6| train loss: 0.024808201622217894
Epoch: 6| train loss: 0.024405829552561046
Epoch: 6| train loss: 0.024431863034842537
Epoch: 6| train loss: 0.02367963082995266
Epoch: 6| train loss: 0.0231009923084639
Epoch: 6| train loss: 0.022695801417077225
Epoch: 6| train loss: 0.02196385508927051
Epoch: 6| train loss: 0.021486528465627795
Epoch: 6| train loss: 0.021575493785116744
Epoch 6: Val acc is 96.76269676269676%
Epoch: 7| train loss: 0.018111557392403485
Epoch: 7| train loss: 0.018853876213543116
Epoch: 7| train loss: 0.0181074760404105
Epoch: 7| train loss: 0.018066094274399803
Epoch: 7| train loss: 0.017563442752696574
Epoch: 7| train loss: 0.016708490245509893
Epoch: 7| train loss: 0.016081596391741185
Epoch: 7| train loss: 0.016570506922143978
Epoch: 7| train loss: 0.016239686754739118
Epoch: 7| train loss: 0.016153492672032022
Epoch 7: Val acc is 96.82704682704683%
Epoch: 8| train loss: 0.015857230913825335
Epoch: 8| train loss: 0.014523108910652808
Epoch: 8| train loss: 0.013856939438652868
Epoch: 8| train loss: 0.013121919390687253
Epoch: 8| train loss: 0.013293823537183926
Epoch: 8| train loss: 0.01281832076201681
Epoch: 8| train loss: 0.012518521481626002
Epoch: 8| train loss: 0.012199905982270139
Epoch: 8| train loss: 0.012275622840841405
Epoch: 8| train loss: 0.012186113061715274
Epoch 8: Val acc is 97.70072270072271%
Epoch: 9| train loss: 0.00895139965810813
Epoch: 9| train loss: 0.010033901004935614
Epoch: 9| train loss: 0.009864316900881628
Epoch: 9| train loss: 0.0099106528586708
Epoch: 9| train loss: 0.00976643668161705
Epoch: 9| train loss: 0.009832051764048326
Epoch: 9| train loss: 0.009452034735752802
Epoch: 9| train loss: 0.009503334480396006
Epoch: 9| train loss: 0.00954266118687681
Epoch: 9| train loss: 0.009592901325185208
Epoch 9: Val acc is 97.45074745074746%
Epoch: 10| train loss: 0.010077302771387622
Epoch: 10| train loss: 0.008394020730047486
Epoch: 10| train loss: 0.008765061729354784
Epoch: 10| train loss: 0.008195717258568038
Epoch: 10| train loss: 0.008475124262098689
Epoch: 10| train loss: 0.008274102660604209
Epoch: 10| train loss: 0.008066938641506047
Epoch: 10| train loss: 0.007845823404604744
Epoch: 10| train loss: 0.008173896554152533
Epoch: 10| train loss: 0.007992439853749485
Epoch 10: Val acc is 98.47168597168597%
Epoch: 11| train loss: 0.0067780794779537246
Epoch: 11| train loss: 0.006283828929590527
Epoch: 11| train loss: 0.006061219364637509
Epoch: 11| train loss: 0.006554551832668949
Epoch: 11| train loss: 0.006318539671221515
Epoch: 11| train loss: 0.0064791050175699635
Epoch: 11| train loss: 0.006714948690891366
Epoch: 11| train loss: 0.00679783290337582
Epoch: 11| train loss: 0.007150357571776516
Epoch: 11| train loss: 0.007006542388819767
Epoch 11: Val acc is 98.21057321057322%
Epoch: 12| train loss: 0.008203069117153064
Epoch: 12| train loss: 0.005957756823918316
Epoch: 12| train loss: 0.006214740411475456
Epoch: 12| train loss: 0.005525996985670645
Epoch: 12| train loss: 0.004920805347384885
Epoch: 12| train loss: 0.004664119073422626
Epoch: 12| train loss: 0.004985295666306878
Epoch: 12| train loss: 0.004904318128319573
Epoch: 12| train loss: 0.004988943740867803
Epoch: 12| train loss: 0.0049455683470017555
Epoch 12: Val acc is 97.8009603009603%
Epoch: 13| train loss: 0.004086198921286268
Epoch: 13| train loss: 0.003671687039604876
Epoch: 13| train loss: 0.004402840382778474
Epoch: 13| train loss: 0.004650460495722655
Epoch: 13| train loss: 0.004660498285084032
Epoch: 13| train loss: 0.004562996603102268
Epoch: 13| train loss: 0.0045491950873526674
Epoch: 13| train loss: 0.004791776195470447
Epoch: 13| train loss: 0.004608897976916827
Epoch: 13| train loss: 0.004663025151905381
Epoch 13: Val acc is 98.31204831204832%
Epoch: 14| train loss: 0.006298779245989863
Epoch: 14| train loss: 0.004918018509051762
Epoch: 14| train loss: 0.004770480837857273
Epoch: 14| train loss: 0.004343670564485365
Epoch: 14| train loss: 0.00457798442573403
Epoch: 14| train loss: 0.004760794931280543
Epoch: 14| train loss: 0.004819534541581691
Epoch: 14| train loss: 0.004566330027282675
Epoch: 14| train loss: 0.00442560994200499
Epoch: 14| train loss: 0.004352226002346799
Epoch 14: Val acc is 98.66226116226116%
Epoch: 15| train loss: 0.0038928392383968456
Epoch: 15| train loss: 0.0042303778228597365
Epoch: 15| train loss: 0.004378687143835123
Epoch: 15| train loss: 0.0039940223859775865
Epoch: 15| train loss: 0.003761118327427539
Epoch: 15| train loss: 0.0037028620207396066
Epoch: 15| train loss: 0.004139913698943149
Epoch: 15| train loss: 0.004102438125291883
Epoch: 15| train loss: 0.00418123863006056
Epoch: 15| train loss: 0.004117353323237423
Epoch 15: Val acc is 98.86644886644886%
Epoch: 16| train loss: 0.0025031607260461897
Epoch: 16| train loss: 0.0031975280187543833
Epoch: 16| train loss: 0.003103031484351959
Epoch: 16| train loss: 0.004047080042219022
Epoch: 16| train loss: 0.0036855552355846157
Epoch: 16| train loss: 0.0035624047369128675
Epoch: 16| train loss: 0.003454428136663929
Epoch: 16| train loss: 0.0032766440266061635
Epoch: 16| train loss: 0.003302691078098279
Epoch: 16| train loss: 0.003427370269594363
Epoch 16: Val acc is 98.53851103851103%
Epoch: 17| train loss: 0.0015435152499412652
Epoch: 17| train loss: 0.001420779338113789
Epoch: 17| train loss: 0.0020291234297231614
Epoch: 17| train loss: 0.002509495676076767
Epoch: 17| train loss: 0.0024935504266759383
Epoch: 17| train loss: 0.002530918323949057
Epoch: 17| train loss: 0.002743262990448524
Epoch: 17| train loss: 0.0027457797356510126
Epoch: 17| train loss: 0.0026042887738488693
Epoch: 17| train loss: 0.0025876458843800292
Epoch 17: Val acc is 98.34793584793584%
Epoch: 18| train loss: 0.004960729766607983
Epoch: 18| train loss: 0.004083436559285474
Epoch: 18| train loss: 0.003932259522055877
Epoch: 18| train loss: 0.0035559407358687167
Epoch: 18| train loss: 0.0034741569272082416
Epoch: 18| train loss: 0.0037093338262578377
Epoch: 18| train loss: 0.003497080455204663
Epoch: 18| train loss: 0.003567317267047656
Epoch: 18| train loss: 0.003566321293235685
Epoch: 18| train loss: 0.003536130469914729
Epoch 18: Val acc is 97.81952281952282%
Epoch: 19| train loss: 0.0050532187613862335
Epoch: 19| train loss: 0.003596974158917874
Epoch: 19| train loss: 0.003005281749077161
Epoch: 19| train loss: 0.002654714583140958
Epoch: 19| train loss: 0.0024091047887704917
Epoch: 19| train loss: 0.0025786606740621208
Epoch: 19| train loss: 0.0028206970026544045
Epoch: 19| train loss: 0.0027009171114787023
Epoch: 19| train loss: 0.0025596678663674134
Epoch: 19| train loss: 0.0025001840489107478
Epoch 19: Val acc is 98.3046233046233%
Epoch: 20| train loss: 0.0014671249532693764
Epoch: 20| train loss: 0.0015763218955180491
Epoch: 20| train loss: 0.0026376730007177684
Epoch: 20| train loss: 0.002972823558584423
Epoch: 20| train loss: 0.002947161852916906
Epoch: 20| train loss: 0.0030378860202745273
Epoch: 20| train loss: 0.0028766889254958575
Epoch: 20| train loss: 0.002713955793990408
Epoch: 20| train loss: 0.002536644356075865
Epoch: 20| train loss: 0.002546704389090124
Epoch 20: Val acc is 98.42713592713592%
Epoch: 21| train loss: 0.0027846872863119643
Epoch: 21| train loss: 0.0036255674950098184
Epoch: 21| train loss: 0.003437091295715315
Epoch: 21| train loss: 0.0035010380278026787
Epoch: 21| train loss: 0.0032897215407392652
Epoch: 21| train loss: 0.0030113329604955653
Epoch: 21| train loss: 0.0028103774610748846
Epoch: 21| train loss: 0.0027129041949524434
Epoch: 21| train loss: 0.002705563567506033
Epoch: 21| train loss: 0.0026675285909267916
Epoch 21: Val acc is 98.55954855954856%
Epoch: 22| train loss: 0.0011840763255167985
Epoch: 22| train loss: 0.0016118312116486777
Epoch: 22| train loss: 0.0017605375370112596
Epoch: 22| train loss: 0.001938502448492727
Epoch: 22| train loss: 0.0018453963903230033
Epoch: 22| train loss: 0.0017088358387384991
Epoch: 22| train loss: 0.0017330632476893826
Epoch: 22| train loss: 0.0016511248126175814
Epoch: 22| train loss: 0.0016300360304416649
Epoch: 22| train loss: 0.0016887874027100012
Epoch 22: Val acc is 98.51252351252352%
Epoch: 23| train loss: 0.001799109956882603
Epoch: 23| train loss: 0.0016314492169340155
Epoch: 23| train loss: 0.0014462056052101009
Epoch: 23| train loss: 0.0014204992204281553
Epoch: 23| train loss: 0.0013834063608828728
Epoch: 23| train loss: 0.001377543278772464
Epoch: 23| train loss: 0.0015699611504702002
Epoch: 23| train loss: 0.0018945248169109164
Epoch: 23| train loss: 0.0021750213321491984
Epoch: 23| train loss: 0.002239828398120501
Epoch 23: Val acc is 98.88872388872389%
Epoch: 24| train loss: 0.002402017040149076
Epoch: 24| train loss: 0.0023854482338720117
Epoch: 24| train loss: 0.0026176344911315636
Epoch: 24| train loss: 0.0027906586612516547
Epoch: 24| train loss: 0.002559553119139309
Epoch: 24| train loss: 0.002513779423670712
Epoch: 24| train loss: 0.0023093121445994518
Epoch: 24| train loss: 0.0021481898972615454
Epoch: 24| train loss: 0.0020478478175250023
Epoch: 24| train loss: 0.002198158782061426
Epoch 24: Val acc is 98.23532323532324%
Epoch: 25| train loss: 0.0009723569337620574
Epoch: 25| train loss: 0.0008304884705557925
Epoch: 25| train loss: 0.0016670143021716892
Epoch: 25| train loss: 0.0021885270514940204
Epoch: 25| train loss: 0.0020180669817200397
Epoch: 25| train loss: 0.0018685049116235557
Epoch: 25| train loss: 0.0018399324141526968
Epoch: 25| train loss: 0.00198777064468004
Epoch: 25| train loss: 0.0019315954885344884
Epoch: 25| train loss: 0.001901181520301218
Epoch 25: Val acc is 99.0966240966241%
Epoch: 26| train loss: 0.0020679146303518793
Epoch: 26| train loss: 0.0021558032919710966
Epoch: 26| train loss: 0.001972956308830665
Epoch: 26| train loss: 0.0020072012224454736
Epoch: 26| train loss: 0.0018408769923626096
Epoch: 26| train loss: 0.0017679513952831864
Epoch: 26| train loss: 0.0016424924971202668
Epoch: 26| train loss: 0.0018581180313083222
Epoch: 26| train loss: 0.00203481156201633
Epoch: 26| train loss: 0.002139538982572126
Epoch 26: Val acc is 98.10414810414811%
Epoch: 27| train loss: 0.003016510174020368
Epoch: 27| train loss: 0.0018074053982263649
Epoch: 27| train loss: 0.0017109577188815213
Epoch: 27| train loss: 0.0017594220961905194
Epoch: 27| train loss: 0.0017347428091543406
Epoch: 27| train loss: 0.0017213952749989402
Epoch: 27| train loss: 0.0016603381834972555
Epoch: 27| train loss: 0.0016169771964928258
Epoch: 27| train loss: 0.001521942953410568
Epoch: 27| train loss: 0.0015091514618727664
Epoch 27: Val acc is 98.98772398772398%
Epoch: 28| train loss: 0.0005999221448155368
Epoch: 28| train loss: 0.0007099190539815937
Epoch: 28| train loss: 0.0007359888437955912
Epoch: 28| train loss: 0.0009391168355386981
Epoch: 28| train loss: 0.0010214655991658218
Epoch: 28| train loss: 0.0010738423805363103
Epoch: 28| train loss: 0.0012921837607609633
Epoch: 28| train loss: 0.001243473825302317
Epoch: 28| train loss: 0.0012163628947231093
Epoch: 28| train loss: 0.0011871905356462989
Epoch 28: Val acc is 99.08672408672409%
Epoch: 29| train loss: 0.0015705725818315841
Epoch: 29| train loss: 0.0022150785189637644
Epoch: 29| train loss: 0.002026477043627892
Epoch: 29| train loss: 0.001579866260867675
Epoch: 29| train loss: 0.0013060572498688999
Epoch: 29| train loss: 0.0013460168673812708
Epoch: 29| train loss: 0.0012462944047021145
Epoch: 29| train loss: 0.0011388809996088867
Epoch: 29| train loss: 0.001077620616739902
Epoch: 29| train loss: 0.0010381955144329698
Epoch 29: Val acc is 98.66844866844866%
Epoch: 30| train loss: 0.0006069325445196228
Epoch: 30| train loss: 0.000701337164148299
Epoch: 30| train loss: 0.000823568706888788
Epoch: 30| train loss: 0.0007050227438145384
Epoch: 30| train loss: 0.0006358470030450007
Epoch: 30| train loss: 0.0005885140238893882
Epoch: 30| train loss: 0.0005475619837623721
Epoch: 30| train loss: 0.0005595363100187001
Epoch: 30| train loss: 0.0006058909552017313
Epoch: 30| train loss: 0.0005962769819302109
Epoch 30: Val acc is 98.85159885159885%
Epoch: 31| train loss: 0.00018305297505548878
Epoch: 31| train loss: 0.00023496649218373021
Epoch: 31| train loss: 0.00029888834056748695
Epoch: 31| train loss: 0.00027078852008386887
Epoch: 31| train loss: 0.0002634646707005004
Epoch: 31| train loss: 0.0003515778922560268
Epoch: 31| train loss: 0.0006617838977889181
Epoch: 31| train loss: 0.0008506728617756921
Epoch: 31| train loss: 0.0013132650491549688
Epoch: 31| train loss: 0.0013978322502728158
Epoch 31: Val acc is 97.7019602019602%
Epoch: 32| train loss: 0.005096126998105319
Epoch: 32| train loss: 0.0033665244014264317
Epoch: 32| train loss: 0.00275305995208934
Epoch: 32| train loss: 0.0024422421617401823
Epoch: 32| train loss: 0.0021777510133965733
Epoch: 32| train loss: 0.001950344095418662
Epoch: 32| train loss: 0.0017645499906281462
Epoch: 32| train loss: 0.0016542584558139595
Epoch: 32| train loss: 0.0017734071389121355
Epoch: 32| train loss: 0.0017586875893506261
Epoch 32: Val acc is 99.02237402237402%
Epoch: 33| train loss: 0.0017233570826738287
Epoch: 33| train loss: 0.0018754537182849162
Epoch: 33| train loss: 0.0015599694522173497
Epoch: 33| train loss: 0.001356796201492898
Epoch: 33| train loss: 0.0014757155236047766
Epoch: 33| train loss: 0.001558187097644653
Epoch: 33| train loss: 0.001441474736222647
Epoch: 33| train loss: 0.0016950165462043287
Epoch: 33| train loss: 0.001584137167934993
Epoch: 33| train loss: 0.001573833534300146
Epoch 33: Val acc is 98.97039897039897%
Epoch: 34| train loss: 0.0020353193719438423
Epoch: 34| train loss: 0.0020123228515490153
Epoch: 34| train loss: 0.001853748299780212
Epoch: 34| train loss: 0.0019292974706320366
Epoch: 34| train loss: 0.0017786881237652778
Epoch: 34| train loss: 0.001566478133936471
Epoch: 34| train loss: 0.0013736785086198974
Epoch: 34| train loss: 0.0012332357136139649
Epoch: 34| train loss: 0.0011871259117068197
Epoch: 34| train loss: 0.0011432851956193247
Epoch 34: Val acc is 98.52613602613603%
Epoch: 35| train loss: 0.00034606014304245037
Epoch: 35| train loss: 0.0006037057003300106
Epoch: 35| train loss: 0.0009172148336998968
Epoch: 35| train loss: 0.0012283506544656575
Epoch: 35| train loss: 0.0012630112616107
Epoch: 35| train loss: 0.0011643133823304196
Epoch: 35| train loss: 0.0010535449081274756
Epoch: 35| train loss: 0.001004366887345043
Epoch: 35| train loss: 0.0009186688444482469
Epoch: 35| train loss: 0.0009211756498593012
Epoch 35: Val acc is 98.74641124641124%
Epoch: 36| train loss: 0.0018711265629099217
Epoch: 36| train loss: 0.0015004965486866695
Epoch: 36| train loss: 0.002009204225328934
Epoch: 36| train loss: 0.0027305221636009947
Epoch: 36| train loss: 0.0025326031802392207
Epoch: 36| train loss: 0.0022606856716762044
Epoch: 36| train loss: 0.002120984670352105
Epoch: 36| train loss: 0.0021379607782668585
Epoch: 36| train loss: 0.002078024424927965
Epoch: 36| train loss: 0.002084565385184712
Epoch 36: Val acc is 98.6078111078111%
Epoch: 37| train loss: 0.0023086360516481365
Epoch: 37| train loss: 0.0018401015210997684
Epoch: 37| train loss: 0.001603014306597288
Epoch: 37| train loss: 0.0014368192158565308
Epoch: 37| train loss: 0.0015168243453781542
Epoch: 37| train loss: 0.0014357399149571392
Epoch: 37| train loss: 0.0013292555163934593
Epoch: 37| train loss: 0.001291916543235061
Epoch: 37| train loss: 0.001193627858169748
Epoch: 37| train loss: 0.0012116432752838804
Epoch 37: Val acc is 99.04464904464905%
Epoch: 38| train loss: 0.0008519505916228809
Epoch: 38| train loss: 0.0009966683855054726
Epoch: 38| train loss: 0.0009647576775478229
Epoch: 38| train loss: 0.0008948498938707416
Epoch: 38| train loss: 0.000771801192187013
Epoch: 38| train loss: 0.0007449443110796968
Epoch: 38| train loss: 0.0006701283081755653
Epoch: 38| train loss: 0.0006431259301082548
Epoch: 38| train loss: 0.0006461010679682507
Epoch: 38| train loss: 0.0006317087060514293
Epoch 38: Val acc is 99.15973665973667%
Epoch: 39| train loss: 0.0004240982200326471
Epoch: 39| train loss: 0.0002981474319022936
Epoch: 39| train loss: 0.0002561885844901705
Epoch: 39| train loss: 0.00021540498163375333
Epoch: 39| train loss: 0.0003097621284032357
Epoch: 39| train loss: 0.0006810570036914972
Epoch: 39| train loss: 0.0008721715004831561
Epoch: 39| train loss: 0.0009424054641718272
Epoch: 39| train loss: 0.0009133202359208149
Epoch: 39| train loss: 0.0009049981346338234
Epoch 39: Val acc is 98.96544896544897%
Epoch: 40| train loss: 0.0004426100275395584
Epoch: 40| train loss: 0.00042766014344351787
Epoch: 40| train loss: 0.0004869593689791903
Epoch: 40| train loss: 0.0007321721254416502
Epoch: 40| train loss: 0.0009432732662014587
Epoch: 40| train loss: 0.0010351237809977458
Epoch: 40| train loss: 0.00106178691794826
Epoch: 40| train loss: 0.0010530280006437209
Epoch: 40| train loss: 0.0009886260631661041
Epoch: 40| train loss: 0.00100067832664757
Epoch 40: Val acc is 99.02113652113653%
Epoch: 41| train loss: 0.0010246054119249948
Epoch: 41| train loss: 0.0008906151364993775
Epoch: 41| train loss: 0.0009132532366550094
Epoch: 41| train loss: 0.000845752472951915
Epoch: 41| train loss: 0.0009338401271545535
Epoch: 41| train loss: 0.0009308686193012742
Epoch: 41| train loss: 0.0009114307226005686
Epoch: 41| train loss: 0.0008645565691161039
Epoch: 41| train loss: 0.0008460129926310048
Epoch: 41| train loss: 0.0008321256308178402
Epoch 41: Val acc is 98.59172359172359%
Epoch: 42| train loss: 0.0009432383529633625
Epoch: 42| train loss: 0.0006905684182157756
Epoch: 42| train loss: 0.0006037456718782626
Epoch: 42| train loss: 0.0004954456846465405
Epoch: 42| train loss: 0.0004303287362256469
Epoch: 42| train loss: 0.0005017709252321841
Epoch: 42| train loss: 0.0009167634453694973
Epoch: 42| train loss: 0.0008806572658686207
Epoch: 42| train loss: 0.0009031518330927055
Epoch: 42| train loss: 0.0009072398433703895
Epoch 42: Val acc is 99.17334917334918%